<?xml version="1.0" encoding="UTF-8"?>
<!-- Generated by org.testng.reporters.JUnitReportReporter -->
<testsuite skipped="0" hostname="AMTMY3-RAHULSONAWANEXPS" name="appium.setup.TestCase_MobileAutomation" tests="2" failures="0" timestamp="12 Apr 2019 05:17:31 GMT" time="129.865" errors="0">
  <testcase name="StartRegistration" time="100.489" classname="appium.setup.TestCase_MobileAutomation"/>
  <testcase name="WebViewInteraction" time="29.376" classname="appium.setup.TestCase_MobileAutomation"/>
</testsuite> <!-- appium.setup.TestCase_MobileAutomation -->
